2020-05-29 03:30:55,562 INFO org.springframework.boot.StartupInfoLogger [main] Starting AppTest on tarangparikh-G3-3579 with PID 28791 (started by tarangparikh in /home/tarangparikh/Desktop/apricot/apricot-backend)
2020-05-29 03:30:55,564 DEBUG org.springframework.boot.StartupInfoLogger [main] Running with Spring Boot v2.2.5.RELEASE, Spring v5.2.4.RELEASE
2020-05-29 03:30:55,564 INFO org.springframework.boot.SpringApplication [main] No active profile set, falling back to default profiles: default
2020-05-29 03:30:55,987 INFO org.springframework.data.repository.config.RepositoryConfigurationDelegate [main] Bootstrapping Spring Data JPA repositories in DEFAULT mode.
2020-05-29 03:30:56,075 INFO org.springframework.data.repository.config.RepositoryConfigurationDelegate [main] Finished Spring Data repository scanning in 78ms. Found 16 JPA repository interfaces.
2020-05-29 03:30:56,747 INFO org.hibernate.jpa.internal.util.LogHelper [main] HHH000204: Processing PersistenceUnitInfo [name: default]
2020-05-29 03:30:56,870 INFO org.hibernate.Version [main] HHH000412: Hibernate ORM core version 5.4.12.Final
2020-05-29 03:30:56,990 INFO org.hibernate.annotations.common.reflection.java.JavaReflectionManager [main] HCANN000001: Hibernate Commons Annotations {5.1.0.Final}
2020-05-29 03:30:57,074 INFO com.zaxxer.hikari.HikariDataSource [main] HikariPool-1 - Starting...
2020-05-29 03:30:57,236 INFO com.zaxxer.hikari.HikariDataSource [main] HikariPool-1 - Start completed.
2020-05-29 03:30:57,255 INFO org.hibernate.dialect.Dialect [main] HHH000400: Using dialect: org.hibernate.dialect.H2Dialect
2020-05-29 03:30:58,102 INFO org.hibernate.engine.transaction.jta.platform.internal.JtaPlatformInitiator [main] HHH000490: Using JtaPlatform implementation: [org.hibernate.engine.transaction.jta.platform.internal.NoJtaPlatform]
2020-05-29 03:30:58,107 INFO org.springframework.orm.jpa.AbstractEntityManagerFactoryBean [main] Initialized JPA EntityManagerFactory for persistence unit 'default'
2020-05-29 03:30:58,985 WARN org.springframework.boot.autoconfigure.orm.jpa.JpaBaseConfiguration$JpaWebConfiguration [main] spring.jpa.open-in-view is enabled by default. Therefore, database queries may be performed during view rendering. Explicitly configure spring.jpa.open-in-view to disable this warning
2020-05-29 03:30:59,173 INFO org.springframework.scheduling.concurrent.ExecutorConfigurationSupport [main] Initializing ExecutorService 'applicationTaskExecutor'
2020-05-29 03:30:59,683 INFO org.springframework.boot.StartupInfoLogger [main] Started AppTest in 4.352 seconds (JVM running for 4.962)
2020-05-29 03:30:59,781 INFO org.springframework.scheduling.concurrent.ExecutorConfigurationSupport [SpringContextShutdownHook] Shutting down ExecutorService 'applicationTaskExecutor'
2020-05-29 03:30:59,786 INFO org.springframework.orm.jpa.AbstractEntityManagerFactoryBean [SpringContextShutdownHook] Closing JPA EntityManagerFactory for persistence unit 'default'
2020-05-29 03:30:59,788 INFO com.zaxxer.hikari.HikariDataSource [SpringContextShutdownHook] HikariPool-1 - Shutdown initiated...
2020-05-29 03:30:59,790 INFO com.zaxxer.hikari.HikariDataSource [SpringContextShutdownHook] HikariPool-1 - Shutdown completed.
