2020-05-29 03:26:31,374 INFO org.springframework.boot.StartupInfoLogger [main] Starting App on tarangparikh-G3-3579 with PID 26296 (/home/tarangparikh/Desktop/apricot/apricot-backend/target/classes started by tarangparikh in /home/tarangparikh/Desktop/apricot)
2020-05-29 03:26:31,376 DEBUG org.springframework.boot.StartupInfoLogger [main] Running with Spring Boot v2.2.5.RELEASE, Spring v5.2.4.RELEASE
2020-05-29 03:26:31,376 INFO org.springframework.boot.SpringApplication [main] No active profile set, falling back to default profiles: default
2020-05-29 03:26:31,872 INFO org.springframework.data.repository.config.RepositoryConfigurationDelegate [main] Bootstrapping Spring Data JPA repositories in DEFAULT mode.
2020-05-29 03:26:31,953 INFO org.springframework.data.repository.config.RepositoryConfigurationDelegate [main] Finished Spring Data repository scanning in 74ms. Found 16 JPA repository interfaces.
2020-05-29 03:26:32,344 INFO org.springframework.boot.web.embedded.tomcat.TomcatWebServer [main] Tomcat initialized with port(s): 8080 (http)
2020-05-29 03:26:32,349 INFO org.apache.juli.logging.DirectJDKLog [main] Initializing ProtocolHandler ["http-nio-8080"]
2020-05-29 03:26:32,350 INFO org.apache.juli.logging.DirectJDKLog [main] Starting service [Tomcat]
2020-05-29 03:26:32,350 INFO org.apache.juli.logging.DirectJDKLog [main] Starting Servlet engine: [Apache Tomcat/9.0.31]
2020-05-29 03:26:32,402 INFO org.apache.juli.logging.DirectJDKLog [main] Initializing Spring embedded WebApplicationContext
2020-05-29 03:26:32,402 INFO org.springframework.boot.web.servlet.context.ServletWebServerApplicationContext [main] Root WebApplicationContext: initialization completed in 942 ms
2020-05-29 03:26:32,536 INFO org.hibernate.jpa.internal.util.LogHelper [main] HHH000204: Processing PersistenceUnitInfo [name: default]
2020-05-29 03:26:32,584 INFO org.hibernate.Version [main] HHH000412: Hibernate ORM core version 5.4.12.Final
2020-05-29 03:26:32,681 INFO org.hibernate.annotations.common.reflection.java.JavaReflectionManager [main] HCANN000001: Hibernate Commons Annotations {5.1.0.Final}
2020-05-29 03:26:32,733 INFO com.zaxxer.hikari.HikariDataSource [main] HikariPool-1 - Starting...
2020-05-29 03:26:32,957 INFO com.zaxxer.hikari.HikariDataSource [main] HikariPool-1 - Start completed.
2020-05-29 03:26:32,969 INFO org.hibernate.dialect.Dialect [main] HHH000400: Using dialect: org.hibernate.dialect.MySQL8Dialect
2020-05-29 03:26:33,869 INFO org.hibernate.engine.transaction.jta.platform.internal.JtaPlatformInitiator [main] HHH000490: Using JtaPlatform implementation: [org.hibernate.engine.transaction.jta.platform.internal.NoJtaPlatform]
2020-05-29 03:26:33,873 INFO org.springframework.orm.jpa.AbstractEntityManagerFactoryBean [main] Initialized JPA EntityManagerFactory for persistence unit 'default'
2020-05-29 03:26:34,193 WARN org.springframework.boot.autoconfigure.orm.jpa.JpaBaseConfiguration$JpaWebConfiguration [main] spring.jpa.open-in-view is enabled by default. Therefore, database queries may be performed during view rendering. Explicitly configure spring.jpa.open-in-view to disable this warning
2020-05-29 03:26:34,338 INFO org.springframework.scheduling.concurrent.ExecutorConfigurationSupport [main] Initializing ExecutorService 'applicationTaskExecutor'
2020-05-29 03:26:34,386 INFO org.springframework.boot.autoconfigure.web.servlet.WelcomePageHandlerMapping [main] Adding welcome page: class path resource [static/index.html]
2020-05-29 03:26:34,534 INFO org.apache.juli.logging.DirectJDKLog [main] Starting ProtocolHandler ["http-nio-8080"]
2020-05-29 03:26:34,542 INFO org.springframework.boot.web.embedded.tomcat.TomcatWebServer [main] Tomcat started on port(s): 8080 (http) with context path ''
2020-05-29 03:26:34,544 INFO org.springframework.boot.StartupInfoLogger [main] Started App in 3.477 seconds (JVM running for 3.89)
2020-05-29 00:27:42,930 INFO org.springframework.boot.StartupInfoLogger [main] Starting App v0.0.1-SNAPSHOT on 97212ceeb71b with PID 1 (/app.jar started by root in /)
2020-05-29 00:27:43,013 DEBUG org.springframework.boot.StartupInfoLogger [main] Running with Spring Boot v2.2.5.RELEASE, Spring v5.2.4.RELEASE
2020-05-29 00:27:43,015 INFO org.springframework.boot.SpringApplication [main] No active profile set, falling back to default profiles: default
2020-05-29 00:43:24,663 INFO org.springframework.boot.StartupInfoLogger [main] Starting App v0.0.1-SNAPSHOT on 97212ceeb71b with PID 1 (/app.jar started by root in /)
2020-05-29 00:43:24,670 DEBUG org.springframework.boot.StartupInfoLogger [main] Running with Spring Boot v2.2.5.RELEASE, Spring v5.2.4.RELEASE
2020-05-29 00:43:24,672 INFO org.springframework.boot.SpringApplication [main] No active profile set, falling back to default profiles: default
